"C:\Program Files\JetBrains\CLion 2017.3.4\bin\cmake\bin\cmake.exe" -DCMAKE_BUILD_TYPE=Debug -G "CodeBlocks - NMake Makefiles" C:\GitProjects\CarND-MPC-Project
-- The C compiler identification is MSVC 19.12.25831.0
-- The CXX compiler identification is MSVC 19.12.25831.0
-- Check for working C compiler: F:/Program Files (x86)/Microsoft Visual Studio/2017/Community/VC/Tools/MSVC/14.12.25827/bin/Hostx64/x64/cl.exe
-- Check for working C compiler: F:/Program Files (x86)/Microsoft Visual Studio/2017/Community/VC/Tools/MSVC/14.12.25827/bin/Hostx64/x64/cl.exe -- broken
CMake Error at C:/Program Files/JetBrains/CLion 2017.3.4/bin/cmake/share/cmake-3.9/Modules/CMakeTestCCompiler.cmake:51 (message):
  The C compiler "F:/Program Files (x86)/Microsoft Visual
  Studio/2017/Community/VC/Tools/MSVC/14.12.25827/bin/Hostx64/x64/cl.exe" is
  not able to compile a simple test program.

  It fails with the following output:

   Change Dir: C:/GitProjects/CarND-MPC-Project/cmake-build-debug/CMakeFiles/CMakeTmp

  

  Run Build Command:"nmake" "/NOLOGO" "cmTC_78ab1\fast"

  	"F:\Program Files (x86)\Microsoft Visual
  Studio\2017\Community\VC\Tools\MSVC\14.12.25827\bin\HostX64\x64\nmake.exe"
  -f CMakeFiles\cmTC_78ab1.dir\build.make /nologo -L
  CMakeFiles\cmTC_78ab1.dir\build

  Building C object CMakeFiles/cmTC_78ab1.dir/testCCompiler.c.obj

  	"F:\Program Files (x86)\Microsoft Visual
  Studio\2017\Community\VC\Tools\MSVC\14.12.25827\bin\Hostx64\x64\cl.exe"
  @C:\Users\ymlai\AppData\Local\Temp\nm859D.tmp

  testCCompiler.c

  Linking C executable cmTC_78ab1.exe

  	"C:\Program Files\JetBrains\CLion 2017.3.4\bin\cmake\bin\cmake.exe" -E
  vs_link_exe --intdir=CMakeFiles\cmTC_78ab1.dir --manifests -- "F:\Program
  Files (x86)\Microsoft Visual
  Studio\2017\Community\VC\Tools\MSVC\14.12.25827\bin\Hostx64\x64\link.exe"
  /nologo @CMakeFiles\cmTC_78ab1.dir\objects1.rsp
  @C:\Users\ymlai\AppData\Local\Temp\nm8754.tmp

  RC Pass 1 failed to run.

  NMAKE : fatal error U1077: '"C:\Program Files\JetBrains\CLion
  2017.3.4\bin\cmake\bin\cmake.exe"' : ���Ⅳ '0xffffffff'

  Stop.

  NMAKE : fatal error U1077: '"F:\Program Files (x86)\Microsoft Visual
  Studio\2017\Community\VC\Tools\MSVC\14.12.25827\bin\HostX64\x64\nmake.exe"'
  : ���Ⅳ '0x2'

  Stop.

  

  

  CMake will not be able to correctly generate this project.
Call Stack (most recent call first):
  CMakeLists.txt:1 (project)


-- Configuring incomplete, errors occurred!
See also "C:/GitProjects/CarND-MPC-Project/cmake-build-debug/CMakeFiles/CMakeOutput.log".
See also "C:/GitProjects/CarND-MPC-Project/cmake-build-debug/CMakeFiles/CMakeError.log".
